<?xml version="1.0" encoding="UTF-8"?>
<coverage generated="1737130648712" clover="3.2.0">
  <project timestamp="1737130648712" name="All files">
    <metrics statements="52" coveredstatements="42" conditionals="91" coveredconditionals="56" methods="46" coveredmethods="27" elements="189" coveredelements="125" complexity="0" loc="52" ncloc="52" packages="1" files="2" classes="2"/>
    <file name="compiler.js" path="/Users/meshach/Code/markdown_mustache/src/core/compiler.js">
      <metrics statements="35" coveredstatements="29" conditionals="88" coveredconditionals="55" methods="45" coveredmethods="26"/>
      <line num="1" count="1" type="stmt"/>
      <line num="2" count="2" type="cond" truecount="35" falsecount="24"/>
      <line num="3" count="1" type="stmt"/>
      <line num="4" count="3" type="cond" truecount="1" falsecount="0"/>
      <line num="5" count="3" type="stmt"/>
      <line num="6" count="3" type="stmt"/>
      <line num="7" count="3" type="stmt"/>
      <line num="8" count="3" type="stmt"/>
      <line num="9" count="3" type="stmt"/>
      <line num="10" count="3" type="stmt"/>
      <line num="11" count="1" type="cond" truecount="8" falsecount="0"/>
      <line num="12" count="3" type="cond" truecount="2" falsecount="0"/>
      <line num="13" count="1" type="cond" truecount="1" falsecount="0"/>
      <line num="14" count="2" type="stmt"/>
      <line num="15" count="2" type="cond" truecount="0" falsecount="1"/>
      <line num="16" count="0" type="cond" truecount="1" falsecount="0"/>
      <line num="17" count="2" type="stmt"/>
      <line num="18" count="2" type="stmt"/>
      <line num="19" count="2" type="stmt"/>
      <line num="20" count="2" type="cond" truecount="4" falsecount="0"/>
      <line num="21" count="2" type="cond" truecount="0" falsecount="1"/>
      <line num="22" count="2" type="cond" truecount="0" falsecount="1"/>
      <line num="23" count="2" type="stmt"/>
      <line num="24" count="2" type="cond" truecount="0" falsecount="1"/>
      <line num="25" count="2" type="stmt"/>
      <line num="26" count="2" type="stmt"/>
      <line num="27" count="2" type="stmt"/>
      <line num="28" count="0" type="cond" truecount="0" falsecount="2"/>
      <line num="29" count="0" type="stmt"/>
      <line num="30" count="0" type="cond" truecount="1" falsecount="1"/>
      <line num="31" count="2" type="cond" truecount="1" falsecount="0"/>
      <line num="32" count="2" type="cond" truecount="0" falsecount="1"/>
      <line num="33" count="0" type="stmt"/>
      <line num="34" count="0" type="cond" truecount="1" falsecount="1"/>
      <line num="35" count="1" type="stmt"/>
    </file>
    <file name="mustache.js" path="/Users/meshach/Code/markdown_mustache/src/core/mustache.js">
      <metrics statements="17" coveredstatements="13" conditionals="3" coveredconditionals="1" methods="1" coveredmethods="1"/>
      <line num="1" count="1" type="stmt"/>
      <line num="2" count="1" type="stmt"/>
      <line num="3" count="1" type="stmt"/>
      <line num="4" count="1" type="stmt"/>
      <line num="5" count="1" type="stmt"/>
      <line num="6" count="1" type="stmt"/>
      <line num="7" count="1" type="stmt"/>
      <line num="8" count="1" type="stmt"/>
      <line num="9" count="1" type="cond" truecount="1" falsecount="0"/>
      <line num="10" count="2" type="cond" truecount="0" falsecount="1"/>
      <line num="11" count="0" type="stmt"/>
      <line num="12" count="0" type="stmt"/>
      <line num="13" count="2" type="cond" truecount="0" falsecount="1"/>
      <line num="14" count="0" type="stmt"/>
      <line num="15" count="0" type="stmt"/>
      <line num="16" count="2" type="stmt"/>
      <line num="17" count="2" type="stmt"/>
    </file>
  </project>
</coverage>
