{"/Users/meshach/Code/markdown_mustache/src/core/compiler.js": {"path":"/Users/meshach/Code/markdown_mustache/src/core/compiler.js","all":false,"statementMap":{"0":{"start":{"line":1,"column":0},"end":{"line":1,"column":24}},"1":{"start":{"line":2,"column":0},"end":{"line":2,"column":47}},"2":{"start":{"line":3,"column":0},"end":{"line":3,"column":0}},"3":{"start":{"line":4,"column":0},"end":{"line":4,"column":3}},"4":{"start":{"line":5,"column":0},"end":{"line":5,"column":42}},"5":{"start":{"line":6,"column":0},"end":{"line":6,"column":51}},"6":{"start":{"line":7,"column":0},"end":{"line":7,"column":52}},"7":{"start":{"line":8,"column":0},"end":{"line":8,"column":77}},"8":{"start":{"line":9,"column":0},"end":{"line":9,"column":48}},"9":{"start":{"line":10,"column":0},"end":{"line":10,"column":3}},"10":{"start":{"line":11,"column":0},"end":{"line":11,"column":69}},"11":{"start":{"line":12,"column":0},"end":{"line":12,"column":31}},"12":{"start":{"line":13,"column":0},"end":{"line":13,"column":48}},"13":{"start":{"line":14,"column":0},"end":{"line":14,"column":3}},"14":{"start":{"line":15,"column":0},"end":{"line":15,"column":54}},"15":{"start":{"line":16,"column":0},"end":{"line":16,"column":54}},"16":{"start":{"line":17,"column":0},"end":{"line":17,"column":3}},"17":{"start":{"line":18,"column":0},"end":{"line":18,"column":0}},"18":{"start":{"line":19,"column":0},"end":{"line":19,"column":45}},"19":{"start":{"line":20,"column":0},"end":{"line":20,"column":35}},"20":{"start":{"line":21,"column":0},"end":{"line":21,"column":66}},"21":{"start":{"line":22,"column":0},"end":{"line":22,"column":76}},"22":{"start":{"line":23,"column":0},"end":{"line":23,"column":45}},"23":{"start":{"line":24,"column":0},"end":{"line":24,"column":62}},"24":{"start":{"line":25,"column":0},"end":{"line":25,"column":13}},"25":{"start":{"line":26,"column":0},"end":{"line":26,"column":38}},"26":{"start":{"line":27,"column":0},"end":{"line":27,"column":75}},"27":{"start":{"line":28,"column":0},"end":{"line":28,"column":13}},"28":{"start":{"line":29,"column":0},"end":{"line":29,"column":0}},"29":{"start":{"line":30,"column":0},"end":{"line":30,"column":58}},"30":{"start":{"line":31,"column":0},"end":{"line":31,"column":6}},"31":{"start":{"line":32,"column":0},"end":{"line":32,"column":4}},"32":{"start":{"line":33,"column":0},"end":{"line":33,"column":0}},"33":{"start":{"line":34,"column":0},"end":{"line":34,"column":39}},"34":{"start":{"line":35,"column":0},"end":{"line":35,"column":1}}},"s":{"0":1,"1":2,"2":1,"3":3,"4":3,"5":3,"6":3,"7":3,"8":3,"9":3,"10":1,"11":3,"12":1,"13":2,"14":2,"15":0,"16":2,"17":2,"18":2,"19":2,"20":2,"21":2,"22":2,"23":2,"24":2,"25":2,"26":2,"27":0,"28":0,"29":0,"30":2,"31":2,"32":0,"33":0,"34":1},"branchMap":{"0":{"type":"branch","line":2,"loc":{"start":{"line":2,"column":0},"end":{"line":2,"column":47}},"locations":[{"start":{"line":2,"column":0},"end":{"line":2,"column":47}}]},"1":{"type":"branch","line":2,"loc":{"start":{"line":2,"column":0},"end":{"line":2,"column":47}},"locations":[{"start":{"line":2,"column":0},"end":{"line":2,"column":47}}]},"2":{"type":"branch","line":2,"loc":{"start":{"line":2,"column":0},"end":{"line":2,"column":47}},"locations":[{"start":{"line":2,"column":0},"end":{"line":2,"column":47}}]},"3":{"type":"branch","line":2,"loc":{"start":{"line":2,"column":0},"end":{"line":2,"column":47}},"locations":[{"start":{"line":2,"column":0},"end":{"line":2,"column":47}}]},"4":{"type":"branch","line":2,"loc":{"start":{"line":2,"column":0},"end":{"line":2,"column":47}},"locations":[{"start":{"line":2,"column":0},"end":{"line":2,"column":47}}]},"5":{"type":"branch","line":2,"loc":{"start":{"line":2,"column":0},"end":{"line":2,"column":47}},"locations":[{"start":{"line":2,"column":0},"end":{"line":2,"column":47}}]},"6":{"type":"branch","line":2,"loc":{"start":{"line":2,"column":0},"end":{"line":2,"column":47}},"locations":[{"start":{"line":2,"column":0},"end":{"line":2,"column":47}}]},"7":{"type":"branch","line":2,"loc":{"start":{"line":2,"column":0},"end":{"line":2,"column":47}},"locations":[{"start":{"line":2,"column":0},"end":{"line":2,"column":47}}]},"8":{"type":"branch","line":2,"loc":{"start":{"line":2,"column":0},"end":{"line":2,"column":47}},"locations":[{"start":{"line":2,"column":0},"end":{"line":2,"column":47}}]},"9":{"type":"branch","line":2,"loc":{"start":{"line":2,"column":0},"end":{"line":2,"column":47}},"locations":[{"start":{"line":2,"column":0},"end":{"line":2,"column":47}}]},"10":{"type":"branch","line":2,"loc":{"start":{"line":2,"column":0},"end":{"line":2,"column":47}},"locations":[{"start":{"line":2,"column":0},"end":{"line":2,"column":47}}]},"11":{"type":"branch","line":2,"loc":{"start":{"line":2,"column":0},"end":{"line":2,"column":47}},"locations":[{"start":{"line":2,"column":0},"end":{"line":2,"column":47}}]},"12":{"type":"branch","line":2,"loc":{"start":{"line":2,"column":0},"end":{"line":2,"column":47}},"locations":[{"start":{"line":2,"column":0},"end":{"line":2,"column":47}}]},"13":{"type":"branch","line":2,"loc":{"start":{"line":2,"column":0},"end":{"line":2,"column":47}},"locations":[{"start":{"line":2,"column":0},"end":{"line":2,"column":47}}]},"14":{"type":"branch","line":2,"loc":{"start":{"line":2,"column":0},"end":{"line":2,"column":47}},"locations":[{"start":{"line":2,"column":0},"end":{"line":2,"column":47}}]},"15":{"type":"branch","line":2,"loc":{"start":{"line":2,"column":0},"end":{"line":2,"column":47}},"locations":[{"start":{"line":2,"column":0},"end":{"line":2,"column":47}}]},"16":{"type":"branch","line":2,"loc":{"start":{"line":2,"column":0},"end":{"line":2,"column":47}},"locations":[{"start":{"line":2,"column":0},"end":{"line":2,"column":47}}]},"17":{"type":"branch","line":2,"loc":{"start":{"line":2,"column":0},"end":{"line":2,"column":47}},"locations":[{"start":{"line":2,"column":0},"end":{"line":2,"column":47}}]},"18":{"type":"branch","line":2,"loc":{"start":{"line":2,"column":0},"end":{"line":2,"column":47}},"locations":[{"start":{"line":2,"column":0},"end":{"line":2,"column":47}}]},"19":{"type":"branch","line":2,"loc":{"start":{"line":2,"column":0},"end":{"line":2,"column":47}},"locations":[{"start":{"line":2,"column":0},"end":{"line":2,"column":47}}]},"20":{"type":"branch","line":2,"loc":{"start":{"line":2,"column":0},"end":{"line":2,"column":47}},"locations":[{"start":{"line":2,"column":0},"end":{"line":2,"column":47}}]},"21":{"type":"branch","line":2,"loc":{"start":{"line":2,"column":0},"end":{"line":2,"column":47}},"locations":[{"start":{"line":2,"column":0},"end":{"line":2,"column":47}}]},"22":{"type":"branch","line":2,"loc":{"start":{"line":2,"column":0},"end":{"line":2,"column":47}},"locations":[{"start":{"line":2,"column":0},"end":{"line":2,"column":47}}]},"23":{"type":"branch","line":2,"loc":{"start":{"line":2,"column":0},"end":{"line":2,"column":47}},"locations":[{"start":{"line":2,"column":0},"end":{"line":2,"column":47}}]},"24":{"type":"branch","line":2,"loc":{"start":{"line":2,"column":0},"end":{"line":2,"column":47}},"locations":[{"start":{"line":2,"column":0},"end":{"line":2,"column":47}}]},"25":{"type":"branch","line":2,"loc":{"start":{"line":2,"column":0},"end":{"line":2,"column":47}},"locations":[{"start":{"line":2,"column":0},"end":{"line":2,"column":47}}]},"26":{"type":"branch","line":2,"loc":{"start":{"line":2,"column":0},"end":{"line":2,"column":47}},"locations":[{"start":{"line":2,"column":0},"end":{"line":2,"column":47}}]},"27":{"type":"branch","line":2,"loc":{"start":{"line":2,"column":0},"end":{"line":2,"column":47}},"locations":[{"start":{"line":2,"column":0},"end":{"line":2,"column":47}}]},"28":{"type":"branch","line":2,"loc":{"start":{"line":2,"column":0},"end":{"line":2,"column":47}},"locations":[{"start":{"line":2,"column":0},"end":{"line":2,"column":47}}]},"29":{"type":"branch","line":2,"loc":{"start":{"line":2,"column":0},"end":{"line":2,"column":47}},"locations":[{"start":{"line":2,"column":0},"end":{"line":2,"column":47}}]},"30":{"type":"branch","line":2,"loc":{"start":{"line":2,"column":0},"end":{"line":2,"column":47}},"locations":[{"start":{"line":2,"column":0},"end":{"line":2,"column":47}}]},"31":{"type":"branch","line":2,"loc":{"start":{"line":2,"column":0},"end":{"line":2,"column":47}},"locations":[{"start":{"line":2,"column":0},"end":{"line":2,"column":47}}]},"32":{"type":"branch","line":2,"loc":{"start":{"line":2,"column":0},"end":{"line":2,"column":47}},"locations":[{"start":{"line":2,"column":0},"end":{"line":2,"column":47}}]},"33":{"type":"branch","line":2,"loc":{"start":{"line":2,"column":0},"end":{"line":2,"column":47}},"locations":[{"start":{"line":2,"column":0},"end":{"line":2,"column":47}}]},"34":{"type":"branch","line":2,"loc":{"start":{"line":2,"column":0},"end":{"line":2,"column":47}},"locations":[{"start":{"line":2,"column":0},"end":{"line":2,"column":47}}]},"35":{"type":"branch","line":2,"loc":{"start":{"line":2,"column":0},"end":{"line":2,"column":47}},"locations":[{"start":{"line":2,"column":0},"end":{"line":2,"column":47}}]},"36":{"type":"branch","line":2,"loc":{"start":{"line":2,"column":0},"end":{"line":2,"column":47}},"locations":[{"start":{"line":2,"column":0},"end":{"line":2,"column":47}}]},"37":{"type":"branch","line":2,"loc":{"start":{"line":2,"column":0},"end":{"line":2,"column":47}},"locations":[{"start":{"line":2,"column":0},"end":{"line":2,"column":47}}]},"38":{"type":"branch","line":2,"loc":{"start":{"line":2,"column":0},"end":{"line":2,"column":47}},"locations":[{"start":{"line":2,"column":0},"end":{"line":2,"column":47}}]},"39":{"type":"branch","line":2,"loc":{"start":{"line":2,"column":0},"end":{"line":2,"column":47}},"locations":[{"start":{"line":2,"column":0},"end":{"line":2,"column":47}}]},"40":{"type":"branch","line":2,"loc":{"start":{"line":2,"column":0},"end":{"line":2,"column":47}},"locations":[{"start":{"line":2,"column":0},"end":{"line":2,"column":47}}]},"41":{"type":"branch","line":2,"loc":{"start":{"line":2,"column":0},"end":{"line":2,"column":47}},"locations":[{"start":{"line":2,"column":0},"end":{"line":2,"column":47}}]},"42":{"type":"branch","line":2,"loc":{"start":{"line":2,"column":0},"end":{"line":2,"column":47}},"locations":[{"start":{"line":2,"column":0},"end":{"line":2,"column":47}}]},"43":{"type":"branch","line":2,"loc":{"start":{"line":2,"column":0},"end":{"line":2,"column":47}},"locations":[{"start":{"line":2,"column":0},"end":{"line":2,"column":47}}]},"44":{"type":"branch","line":2,"loc":{"start":{"line":2,"column":0},"end":{"line":2,"column":47}},"locations":[{"start":{"line":2,"column":0},"end":{"line":2,"column":47}}]},"45":{"type":"branch","line":2,"loc":{"start":{"line":2,"column":0},"end":{"line":2,"column":47}},"locations":[{"start":{"line":2,"column":0},"end":{"line":2,"column":47}}]},"46":{"type":"branch","line":2,"loc":{"start":{"line":2,"column":0},"end":{"line":2,"column":47}},"locations":[{"start":{"line":2,"column":0},"end":{"line":2,"column":47}}]},"47":{"type":"branch","line":2,"loc":{"start":{"line":2,"column":0},"end":{"line":2,"column":47}},"locations":[{"start":{"line":2,"column":0},"end":{"line":2,"column":47}}]},"48":{"type":"branch","line":2,"loc":{"start":{"line":2,"column":0},"end":{"line":2,"column":47}},"locations":[{"start":{"line":2,"column":0},"end":{"line":2,"column":47}}]},"49":{"type":"branch","line":2,"loc":{"start":{"line":2,"column":0},"end":{"line":2,"column":47}},"locations":[{"start":{"line":2,"column":0},"end":{"line":2,"column":47}}]},"50":{"type":"branch","line":2,"loc":{"start":{"line":2,"column":0},"end":{"line":2,"column":47}},"locations":[{"start":{"line":2,"column":0},"end":{"line":2,"column":47}}]},"51":{"type":"branch","line":2,"loc":{"start":{"line":2,"column":0},"end":{"line":2,"column":47}},"locations":[{"start":{"line":2,"column":0},"end":{"line":2,"column":47}}]},"52":{"type":"branch","line":2,"loc":{"start":{"line":2,"column":0},"end":{"line":2,"column":47}},"locations":[{"start":{"line":2,"column":0},"end":{"line":2,"column":47}}]},"53":{"type":"branch","line":2,"loc":{"start":{"line":2,"column":0},"end":{"line":2,"column":47}},"locations":[{"start":{"line":2,"column":0},"end":{"line":2,"column":47}}]},"54":{"type":"branch","line":2,"loc":{"start":{"line":2,"column":0},"end":{"line":2,"column":47}},"locations":[{"start":{"line":2,"column":0},"end":{"line":2,"column":47}}]},"55":{"type":"branch","line":2,"loc":{"start":{"line":2,"column":0},"end":{"line":2,"column":47}},"locations":[{"start":{"line":2,"column":0},"end":{"line":2,"column":47}}]},"56":{"type":"branch","line":2,"loc":{"start":{"line":2,"column":0},"end":{"line":2,"column":47}},"locations":[{"start":{"line":2,"column":0},"end":{"line":2,"column":47}}]},"57":{"type":"branch","line":2,"loc":{"start":{"line":2,"column":0},"end":{"line":2,"column":47}},"locations":[{"start":{"line":2,"column":0},"end":{"line":2,"column":47}}]},"58":{"type":"branch","line":2,"loc":{"start":{"line":2,"column":0},"end":{"line":2,"column":47}},"locations":[{"start":{"line":2,"column":0},"end":{"line":2,"column":47}}]},"59":{"type":"branch","line":4,"loc":{"start":{"line":4,"column":0},"end":{"line":11,"column":36}},"locations":[{"start":{"line":4,"column":0},"end":{"line":11,"column":36}}]},"60":{"type":"branch","line":11,"loc":{"start":{"line":11,"column":35},"end":{"line":35,"column":1}},"locations":[{"start":{"line":11,"column":35},"end":{"line":35,"column":1}}]},"61":{"type":"branch","line":11,"loc":{"start":{"line":11,"column":7},"end":{"line":34,"column":39}},"locations":[{"start":{"line":11,"column":7},"end":{"line":34,"column":39}}]},"62":{"type":"branch","line":11,"loc":{"start":{"line":11,"column":50},"end":{"line":34,"column":39}},"locations":[{"start":{"line":11,"column":50},"end":{"line":34,"column":39}}]},"63":{"type":"branch","line":11,"loc":{"start":{"line":11,"column":50},"end":{"line":34,"column":39}},"locations":[{"start":{"line":11,"column":50},"end":{"line":34,"column":39}}]},"64":{"type":"branch","line":11,"loc":{"start":{"line":11,"column":50},"end":{"line":13,"column":48}},"locations":[{"start":{"line":11,"column":50},"end":{"line":13,"column":48}}]},"65":{"type":"branch","line":11,"loc":{"start":{"line":11,"column":61},"end":{"line":11,"column":64}},"locations":[{"start":{"line":11,"column":61},"end":{"line":11,"column":64}}]},"66":{"type":"branch","line":11,"loc":{"start":{"line":11,"column":61},"end":{"line":11,"column":64}},"locations":[{"start":{"line":11,"column":61},"end":{"line":11,"column":64}}]},"67":{"type":"branch","line":11,"loc":{"start":{"line":11,"column":61},"end":{"line":11,"column":66}},"locations":[{"start":{"line":11,"column":61},"end":{"line":11,"column":66}}]},"68":{"type":"branch","line":12,"loc":{"start":{"line":12,"column":28},"end":{"line":12,"column":31}},"locations":[{"start":{"line":12,"column":28},"end":{"line":12,"column":31}}]},"69":{"type":"branch","line":12,"loc":{"start":{"line":12,"column":28},"end":{"line":13,"column":48}},"locations":[{"start":{"line":12,"column":28},"end":{"line":13,"column":48}}]},"70":{"type":"branch","line":13,"loc":{"start":{"line":13,"column":47},"end":{"line":16,"column":54}},"locations":[{"start":{"line":13,"column":47},"end":{"line":16,"column":54}}]},"71":{"type":"branch","line":15,"loc":{"start":{"line":15,"column":51},"end":{"line":16,"column":54}},"locations":[{"start":{"line":15,"column":51},"end":{"line":16,"column":54}}]},"72":{"type":"branch","line":16,"loc":{"start":{"line":16,"column":53},"end":{"line":32,"column":4}},"locations":[{"start":{"line":16,"column":53},"end":{"line":32,"column":4}}]},"73":{"type":"branch","line":32,"loc":{"start":{"line":32,"column":3},"end":{"line":34,"column":39}},"locations":[{"start":{"line":32,"column":3},"end":{"line":34,"column":39}}]},"74":{"type":"branch","line":34,"loc":{"start":{"line":34,"column":38},"end":{"line":34,"column":39}},"locations":[{"start":{"line":34,"column":38},"end":{"line":34,"column":39}}]},"75":{"type":"branch","line":34,"loc":{"start":{"line":34,"column":38},"end":{"line":34,"column":39}},"locations":[{"start":{"line":34,"column":38},"end":{"line":34,"column":39}}]},"76":{"type":"branch","line":20,"loc":{"start":{"line":20,"column":14},"end":{"line":31,"column":6}},"locations":[{"start":{"line":20,"column":14},"end":{"line":31,"column":6}}]},"77":{"type":"branch","line":20,"loc":{"start":{"line":20,"column":15},"end":{"line":30,"column":58}},"locations":[{"start":{"line":20,"column":15},"end":{"line":30,"column":58}}]},"78":{"type":"branch","line":20,"loc":{"start":{"line":20,"column":29},"end":{"line":30,"column":58}},"locations":[{"start":{"line":20,"column":29},"end":{"line":30,"column":58}}]},"79":{"type":"branch","line":20,"loc":{"start":{"line":20,"column":29},"end":{"line":27,"column":75}},"locations":[{"start":{"line":20,"column":29},"end":{"line":27,"column":75}}]},"80":{"type":"branch","line":21,"loc":{"start":{"line":21,"column":54},"end":{"line":21,"column":65}},"locations":[{"start":{"line":21,"column":54},"end":{"line":21,"column":65}}]},"81":{"type":"branch","line":22,"loc":{"start":{"line":22,"column":64},"end":{"line":22,"column":75}},"locations":[{"start":{"line":22,"column":64},"end":{"line":22,"column":75}}]},"82":{"type":"branch","line":24,"loc":{"start":{"line":24,"column":56},"end":{"line":25,"column":12}},"locations":[{"start":{"line":24,"column":56},"end":{"line":25,"column":12}}]},"83":{"type":"branch","line":28,"loc":{"start":{"line":28,"column":-1},"end":{"line":28,"column":13}},"locations":[{"start":{"line":28,"column":-1},"end":{"line":28,"column":13}}]},"84":{"type":"branch","line":28,"loc":{"start":{"line":28,"column":12},"end":{"line":30,"column":58}},"locations":[{"start":{"line":28,"column":12},"end":{"line":30,"column":58}}]},"85":{"type":"branch","line":30,"loc":{"start":{"line":30,"column":57},"end":{"line":30,"column":58}},"locations":[{"start":{"line":30,"column":57},"end":{"line":30,"column":58}}]},"86":{"type":"branch","line":30,"loc":{"start":{"line":30,"column":57},"end":{"line":30,"column":58}},"locations":[{"start":{"line":30,"column":57},"end":{"line":30,"column":58}}]},"87":{"type":"branch","line":31,"loc":{"start":{"line":31,"column":5},"end":{"line":31,"column":6}},"locations":[{"start":{"line":31,"column":5},"end":{"line":31,"column":6}}]}},"b":{"0":[0],"1":[0],"2":[0],"3":[0],"4":[0],"5":[0],"6":[7],"7":[13],"8":[5],"9":[0],"10":[10],"11":[8],"12":[2],"13":[6],"14":[7],"15":[5],"16":[7],"17":[0],"18":[0],"19":[15],"20":[0],"21":[5],"22":[10],"23":[0],"24":[0],"25":[2],"26":[0],"27":[0],"28":[8],"29":[5],"30":[5],"31":[1],"32":[0],"33":[0],"34":[0],"35":[3],"36":[0],"37":[5],"38":[0],"39":[5],"40":[0],"41":[10],"42":[5],"43":[0],"44":[5],"45":[0],"46":[1],"47":[0],"48":[2],"49":[7],"50":[5],"51":[2],"52":[0],"53":[2],"54":[3],"55":[5],"56":[5],"57":[5],"58":[2],"59":[3],"60":[1],"61":[3],"62":[6],"63":[10],"64":[3],"65":[2],"66":[2],"67":[1],"68":[2],"69":[1],"70":[2],"71":[0],"72":[2],"73":[0],"74":[0],"75":[3],"76":[2],"77":[2],"78":[4],"79":[2],"80":[0],"81":[0],"82":[0],"83":[0],"84":[0],"85":[0],"86":[2],"87":[2]},"fnMap":{"0":{"name":"_regeneratorRuntime","decl":{"start":{"line":2,"column":0},"end":{"line":2,"column":47}},"loc":{"start":{"line":2,"column":0},"end":{"line":2,"column":47}},"line":2},"1":{"name":"o","decl":{"start":{"line":2,"column":0},"end":{"line":2,"column":47}},"loc":{"start":{"line":2,"column":0},"end":{"line":2,"column":47}},"line":2},"2":{"name":"define","decl":{"start":{"line":2,"column":0},"end":{"line":2,"column":47}},"loc":{"start":{"line":2,"column":0},"end":{"line":2,"column":47}},"line":2},"3":{"name":"define","decl":{"start":{"line":2,"column":0},"end":{"line":2,"column":47}},"loc":{"start":{"line":2,"column":0},"end":{"line":2,"column":47}},"line":2},"4":{"name":"wrap","decl":{"start":{"line":2,"column":0},"end":{"line":2,"column":47}},"loc":{"start":{"line":2,"column":0},"end":{"line":2,"column":47}},"line":2},"5":{"name":"tryCatch","decl":{"start":{"line":2,"column":0},"end":{"line":2,"column":47}},"loc":{"start":{"line":2,"column":0},"end":{"line":2,"column":47}},"line":2},"6":{"name":"Generator","decl":{"start":{"line":2,"column":0},"end":{"line":2,"column":47}},"loc":{"start":{"line":2,"column":0},"end":{"line":2,"column":47}},"line":2},"7":{"name":"GeneratorFunction","decl":{"start":{"line":2,"column":0},"end":{"line":2,"column":47}},"loc":{"start":{"line":2,"column":0},"end":{"line":2,"column":47}},"line":2},"8":{"name":"GeneratorFunctionPrototype","decl":{"start":{"line":2,"column":0},"end":{"line":2,"column":47}},"loc":{"start":{"line":2,"column":0},"end":{"line":2,"column":47}},"line":2},"9":{"name":"defineIteratorMethods","decl":{"start":{"line":2,"column":0},"end":{"line":2,"column":47}},"loc":{"start":{"line":2,"column":0},"end":{"line":2,"column":47}},"line":2},"10":{"name":"AsyncIterator","decl":{"start":{"line":2,"column":0},"end":{"line":2,"column":47}},"loc":{"start":{"line":2,"column":0},"end":{"line":2,"column":47}},"line":2},"11":{"name":"makeInvokeMethod","decl":{"start":{"line":2,"column":0},"end":{"line":2,"column":47}},"loc":{"start":{"line":2,"column":0},"end":{"line":2,"column":47}},"line":2},"12":{"name":"maybeInvokeDelegate","decl":{"start":{"line":2,"column":0},"end":{"line":2,"column":47}},"loc":{"start":{"line":2,"column":0},"end":{"line":2,"column":47}},"line":2},"13":{"name":"pushTryEntry","decl":{"start":{"line":2,"column":0},"end":{"line":2,"column":47}},"loc":{"start":{"line":2,"column":0},"end":{"line":2,"column":47}},"line":2},"14":{"name":"resetTryEntry","decl":{"start":{"line":2,"column":0},"end":{"line":2,"column":47}},"loc":{"start":{"line":2,"column":0},"end":{"line":2,"column":47}},"line":2},"15":{"name":"Context","decl":{"start":{"line":2,"column":0},"end":{"line":2,"column":47}},"loc":{"start":{"line":2,"column":0},"end":{"line":2,"column":47}},"line":2},"16":{"name":"values","decl":{"start":{"line":2,"column":0},"end":{"line":2,"column":47}},"loc":{"start":{"line":2,"column":0},"end":{"line":2,"column":47}},"line":2},"17":{"name":"next","decl":{"start":{"line":2,"column":0},"end":{"line":2,"column":47}},"loc":{"start":{"line":2,"column":0},"end":{"line":2,"column":47}},"line":2},"18":{"name":"e.isGeneratorFunction","decl":{"start":{"line":2,"column":0},"end":{"line":2,"column":47}},"loc":{"start":{"line":2,"column":0},"end":{"line":2,"column":47}},"line":2},"19":{"name":"e.mark","decl":{"start":{"line":2,"column":0},"end":{"line":2,"column":47}},"loc":{"start":{"line":2,"column":0},"end":{"line":2,"column":47}},"line":2},"20":{"name":"e.awrap","decl":{"start":{"line":2,"column":0},"end":{"line":2,"column":47}},"loc":{"start":{"line":2,"column":0},"end":{"line":2,"column":47}},"line":2},"21":{"name":"e.async","decl":{"start":{"line":2,"column":0},"end":{"line":2,"column":47}},"loc":{"start":{"line":2,"column":0},"end":{"line":2,"column":47}},"line":2},"22":{"name":"e.keys","decl":{"start":{"line":2,"column":0},"end":{"line":2,"column":47}},"loc":{"start":{"line":2,"column":0},"end":{"line":2,"column":47}},"line":2},"23":{"name":"reset","decl":{"start":{"line":2,"column":0},"end":{"line":2,"column":47}},"loc":{"start":{"line":2,"column":0},"end":{"line":2,"column":47}},"line":2},"24":{"name":"stop","decl":{"start":{"line":2,"column":0},"end":{"line":2,"column":47}},"loc":{"start":{"line":2,"column":0},"end":{"line":2,"column":47}},"line":2},"25":{"name":"dispatchException","decl":{"start":{"line":2,"column":0},"end":{"line":2,"column":47}},"loc":{"start":{"line":2,"column":0},"end":{"line":2,"column":47}},"line":2},"26":{"name":"handle","decl":{"start":{"line":2,"column":0},"end":{"line":2,"column":47}},"loc":{"start":{"line":2,"column":0},"end":{"line":2,"column":47}},"line":2},"27":{"name":"abrupt","decl":{"start":{"line":2,"column":0},"end":{"line":2,"column":47}},"loc":{"start":{"line":2,"column":0},"end":{"line":2,"column":47}},"line":2},"28":{"name":"complete","decl":{"start":{"line":2,"column":0},"end":{"line":2,"column":47}},"loc":{"start":{"line":2,"column":0},"end":{"line":2,"column":47}},"line":2},"29":{"name":"finish","decl":{"start":{"line":2,"column":0},"end":{"line":2,"column":47}},"loc":{"start":{"line":2,"column":0},"end":{"line":2,"column":47}},"line":2},"30":{"name":"_catch","decl":{"start":{"line":2,"column":0},"end":{"line":2,"column":47}},"loc":{"start":{"line":2,"column":0},"end":{"line":2,"column":47}},"line":2},"31":{"name":"delegateYield","decl":{"start":{"line":2,"column":0},"end":{"line":2,"column":47}},"loc":{"start":{"line":2,"column":0},"end":{"line":2,"column":47}},"line":2},"32":{"name":"_typeof","decl":{"start":{"line":2,"column":0},"end":{"line":2,"column":47}},"loc":{"start":{"line":2,"column":0},"end":{"line":2,"column":47}},"line":2},"33":{"name":"_typeof","decl":{"start":{"line":2,"column":0},"end":{"line":2,"column":47}},"loc":{"start":{"line":2,"column":0},"end":{"line":2,"column":47}},"line":2},"34":{"name":"_typeof","decl":{"start":{"line":2,"column":0},"end":{"line":2,"column":47}},"loc":{"start":{"line":2,"column":0},"end":{"line":2,"column":47}},"line":2},"35":{"name":"asyncGeneratorStep","decl":{"start":{"line":2,"column":0},"end":{"line":2,"column":47}},"loc":{"start":{"line":2,"column":0},"end":{"line":2,"column":47}},"line":2},"36":{"name":"_asyncToGenerator","decl":{"start":{"line":2,"column":0},"end":{"line":2,"column":47}},"loc":{"start":{"line":2,"column":0},"end":{"line":2,"column":47}},"line":2},"37":{"name":"_next","decl":{"start":{"line":2,"column":0},"end":{"line":2,"column":47}},"loc":{"start":{"line":2,"column":0},"end":{"line":2,"column":47}},"line":2},"38":{"name":"_throw","decl":{"start":{"line":2,"column":0},"end":{"line":2,"column":47}},"loc":{"start":{"line":2,"column":0},"end":{"line":2,"column":47}},"line":2},"39":{"name":"compileBlocks","decl":{"start":{"line":4,"column":0},"end":{"line":11,"column":36}},"loc":{"start":{"line":4,"column":0},"end":{"line":11,"column":36}},"line":4},"40":{"name":"_compileBlocks","decl":{"start":{"line":11,"column":35},"end":{"line":35,"column":1}},"loc":{"start":{"line":11,"column":35},"end":{"line":35,"column":1}},"line":11},"41":{"name":"_callee2","decl":{"start":{"line":11,"column":7},"end":{"line":34,"column":39}},"loc":{"start":{"line":11,"column":7},"end":{"line":34,"column":39}},"line":11},"42":{"name":"_callee2$","decl":{"start":{"line":11,"column":50},"end":{"line":34,"column":39}},"loc":{"start":{"line":11,"column":50},"end":{"line":34,"column":39}},"line":11},"43":{"name":"_callee","decl":{"start":{"line":20,"column":15},"end":{"line":30,"column":58}},"loc":{"start":{"line":20,"column":15},"end":{"line":30,"column":58}},"line":20},"44":{"name":"_callee$","decl":{"start":{"line":20,"column":29},"end":{"line":30,"column":58}},"loc":{"start":{"line":20,"column":29},"end":{"line":30,"column":58}},"line":20}},"f":{"0":7,"1":0,"2":13,"3":0,"4":5,"5":10,"6":0,"7":0,"8":0,"9":2,"10":0,"11":5,"12":0,"13":0,"14":5,"15":5,"16":1,"17":0,"18":0,"19":3,"20":0,"21":0,"22":0,"23":5,"24":5,"25":10,"26":5,"27":0,"28":0,"29":0,"30":0,"31":0,"32":1,"33":2,"34":0,"35":7,"36":3,"37":5,"38":2,"39":3,"40":1,"41":3,"42":6,"43":2,"44":4}}
,"/Users/meshach/Code/markdown_mustache/src/core/mustache.js": {"path":"/Users/meshach/Code/markdown_mustache/src/core/mustache.js","all":false,"statementMap":{"0":{"start":{"line":1,"column":0},"end":{"line":1,"column":32}},"1":{"start":{"line":2,"column":0},"end":{"line":2,"column":0}},"2":{"start":{"line":3,"column":0},"end":{"line":3,"column":3}},"3":{"start":{"line":4,"column":0},"end":{"line":4,"column":60}},"4":{"start":{"line":5,"column":0},"end":{"line":5,"column":59}},"5":{"start":{"line":6,"column":0},"end":{"line":6,"column":69}},"6":{"start":{"line":7,"column":0},"end":{"line":7,"column":39}},"7":{"start":{"line":8,"column":0},"end":{"line":8,"column":3}},"8":{"start":{"line":9,"column":0},"end":{"line":9,"column":48}},"9":{"start":{"line":10,"column":0},"end":{"line":10,"column":37}},"10":{"start":{"line":11,"column":0},"end":{"line":11,"column":50}},"11":{"start":{"line":12,"column":0},"end":{"line":12,"column":3}},"12":{"start":{"line":13,"column":0},"end":{"line":13,"column":50}},"13":{"start":{"line":14,"column":0},"end":{"line":14,"column":52}},"14":{"start":{"line":15,"column":0},"end":{"line":15,"column":3}},"15":{"start":{"line":16,"column":0},"end":{"line":16,"column":41}},"16":{"start":{"line":17,"column":0},"end":{"line":17,"column":1}}},"s":{"0":1,"1":1,"2":1,"3":1,"4":1,"5":1,"6":1,"7":1,"8":1,"9":2,"10":0,"11":0,"12":2,"13":0,"14":0,"15":2,"16":2},"branchMap":{"0":{"type":"branch","line":9,"loc":{"start":{"line":9,"column":7},"end":{"line":17,"column":1}},"locations":[{"start":{"line":9,"column":7},"end":{"line":17,"column":1}}]},"1":{"type":"branch","line":10,"loc":{"start":{"line":10,"column":36},"end":{"line":12,"column":3}},"locations":[{"start":{"line":10,"column":36},"end":{"line":12,"column":3}}]},"2":{"type":"branch","line":13,"loc":{"start":{"line":13,"column":49},"end":{"line":15,"column":3}},"locations":[{"start":{"line":13,"column":49},"end":{"line":15,"column":3}}]}},"b":{"0":[2],"1":[0],"2":[0]},"fnMap":{"0":{"name":"renderTemplate","decl":{"start":{"line":9,"column":7},"end":{"line":17,"column":1}},"loc":{"start":{"line":9,"column":7},"end":{"line":17,"column":1}},"line":9}},"f":{"0":2}}
}
