TN:
SF:src/core/compiler.js
FN:10,compileBlocks
FNF:1
FNH:1
FNDA:7,compileBlocks
DA:1,1
DA:2,1
DA:3,1
DA:4,1
DA:5,1
DA:6,1
DA:7,1
DA:8,1
DA:9,1
DA:10,7
DA:11,7
DA:12,2
DA:13,2
DA:14,7
DA:15,1
DA:16,1
DA:17,7
DA:18,2
DA:19,2
DA:20,2
DA:21,2
DA:22,2
DA:23,2
DA:24,2
DA:25,2
DA:26,4
DA:27,0
DA:28,0
DA:29,4
DA:30,4
DA:31,2
DA:32,2
DA:33,2
DA:34,2
DA:35,1
DA:36,1
LF:36
LH:34
BRDA:10,0,0,7
BRDA:11,1,0,2
BRDA:13,2,0,5
BRDA:14,3,0,1
BRDA:16,4,0,4
BRDA:17,5,0,3
BRDA:17,6,0,2
BRDA:25,7,0,4
BRDA:26,8,0,0
BRDA:30,9,0,1
BRF:10
BRH:9
end_of_record
TN:
SF:src/core/mustache.js
FN:16,renderTemplate
FNF:1
FNH:1
FNDA:4,renderTemplate
DA:1,1
DA:2,1
DA:3,1
DA:4,1
DA:5,1
DA:6,1
DA:7,1
DA:8,1
DA:9,1
DA:10,1
DA:11,1
DA:12,1
DA:13,1
DA:14,1
DA:15,1
DA:16,1
DA:17,4
DA:18,0
DA:19,0
DA:20,4
DA:21,0
DA:22,0
DA:23,4
DA:24,4
DA:25,4
DA:26,4
DA:27,0
DA:28,0
DA:29,4
DA:30,1
DA:31,1
LF:31
LH:25
BRDA:16,0,0,4
BRDA:17,1,0,0
BRDA:20,2,0,0
BRDA:26,3,0,0
BRF:4
BRH:1
end_of_record
