TN:
SF:src/core/compiler.js
FN:2,_regeneratorRuntime
FN:2,o
FN:2,define
FN:2,define
FN:2,wrap
FN:2,tryCatch
FN:2,Generator
FN:2,GeneratorFunction
FN:2,GeneratorFunctionPrototype
FN:2,defineIteratorMethods
FN:2,AsyncIterator
FN:2,makeInvokeMethod
FN:2,maybeInvokeDelegate
FN:2,pushTryEntry
FN:2,resetTryEntry
FN:2,Context
FN:2,values
FN:2,next
FN:2,e.isGeneratorFunction
FN:2,e.mark
FN:2,e.awrap
FN:2,e.async
FN:2,e.keys
FN:2,reset
FN:2,stop
FN:2,dispatchException
FN:2,handle
FN:2,abrupt
FN:2,complete
FN:2,finish
FN:2,_catch
FN:2,delegateYield
FN:2,_typeof
FN:2,_typeof
FN:2,_typeof
FN:2,asyncGeneratorStep
FN:2,_asyncToGenerator
FN:2,_next
FN:2,_throw
FN:4,compileBlocks
FN:11,_compileBlocks
FN:11,_callee2
FN:11,_callee2$
FN:20,_callee
FN:20,_callee$
FNF:45
FNH:26
FNDA:7,_regeneratorRuntime
FNDA:0,o
FNDA:13,define
FNDA:0,define
FNDA:5,wrap
FNDA:10,tryCatch
FNDA:0,Generator
FNDA:0,GeneratorFunction
FNDA:0,GeneratorFunctionPrototype
FNDA:2,defineIteratorMethods
FNDA:0,AsyncIterator
FNDA:5,makeInvokeMethod
FNDA:0,maybeInvokeDelegate
FNDA:0,pushTryEntry
FNDA:5,resetTryEntry
FNDA:5,Context
FNDA:1,values
FNDA:0,next
FNDA:0,e.isGeneratorFunction
FNDA:3,e.mark
FNDA:0,e.awrap
FNDA:0,e.async
FNDA:0,e.keys
FNDA:5,reset
FNDA:5,stop
FNDA:10,dispatchException
FNDA:5,handle
FNDA:0,abrupt
FNDA:0,complete
FNDA:0,finish
FNDA:0,_catch
FNDA:0,delegateYield
FNDA:1,_typeof
FNDA:2,_typeof
FNDA:0,_typeof
FNDA:7,asyncGeneratorStep
FNDA:3,_asyncToGenerator
FNDA:5,_next
FNDA:2,_throw
FNDA:3,compileBlocks
FNDA:1,_compileBlocks
FNDA:3,_callee2
FNDA:6,_callee2$
FNDA:2,_callee
FNDA:4,_callee$
DA:1,1
DA:2,2
DA:3,1
DA:4,3
DA:5,3
DA:6,3
DA:7,3
DA:8,3
DA:9,3
DA:10,3
DA:11,1
DA:12,3
DA:13,1
DA:14,2
DA:15,2
DA:16,0
DA:17,2
DA:18,2
DA:19,2
DA:20,2
DA:21,2
DA:22,2
DA:23,2
DA:24,2
DA:25,2
DA:26,2
DA:27,2
DA:28,0
DA:29,0
DA:30,0
DA:31,2
DA:32,2
DA:33,0
DA:34,0
DA:35,1
LF:35
LH:29
BRDA:2,0,0,0
BRDA:2,1,0,0
BRDA:2,2,0,0
BRDA:2,3,0,0
BRDA:2,4,0,0
BRDA:2,5,0,0
BRDA:2,6,0,7
BRDA:2,7,0,13
BRDA:2,8,0,5
BRDA:2,9,0,0
BRDA:2,10,0,10
BRDA:2,11,0,8
BRDA:2,12,0,2
BRDA:2,13,0,6
BRDA:2,14,0,7
BRDA:2,15,0,5
BRDA:2,16,0,7
BRDA:2,17,0,0
BRDA:2,18,0,0
BRDA:2,19,0,15
BRDA:2,20,0,0
BRDA:2,21,0,5
BRDA:2,22,0,10
BRDA:2,23,0,0
BRDA:2,24,0,0
BRDA:2,25,0,2
BRDA:2,26,0,0
BRDA:2,27,0,0
BRDA:2,28,0,8
BRDA:2,29,0,5
BRDA:2,30,0,5
BRDA:2,31,0,1
BRDA:2,32,0,0
BRDA:2,33,0,0
BRDA:2,34,0,0
BRDA:2,35,0,3
BRDA:2,36,0,0
BRDA:2,37,0,5
BRDA:2,38,0,0
BRDA:2,39,0,5
BRDA:2,40,0,0
BRDA:2,41,0,10
BRDA:2,42,0,5
BRDA:2,43,0,0
BRDA:2,44,0,5
BRDA:2,45,0,0
BRDA:2,46,0,1
BRDA:2,47,0,0
BRDA:2,48,0,2
BRDA:2,49,0,7
BRDA:2,50,0,5
BRDA:2,51,0,2
BRDA:2,52,0,0
BRDA:2,53,0,2
BRDA:2,54,0,3
BRDA:2,55,0,5
BRDA:2,56,0,5
BRDA:2,57,0,5
BRDA:2,58,0,2
BRDA:4,59,0,3
BRDA:11,60,0,1
BRDA:11,61,0,3
BRDA:11,62,0,6
BRDA:11,63,0,10
BRDA:11,64,0,3
BRDA:11,65,0,2
BRDA:11,66,0,2
BRDA:11,67,0,1
BRDA:12,68,0,2
BRDA:12,69,0,1
BRDA:13,70,0,2
BRDA:15,71,0,0
BRDA:16,72,0,2
BRDA:32,73,0,0
BRDA:34,74,0,0
BRDA:34,75,0,3
BRDA:20,76,0,2
BRDA:20,77,0,2
BRDA:20,78,0,4
BRDA:20,79,0,2
BRDA:21,80,0,0
BRDA:22,81,0,0
BRDA:24,82,0,0
BRDA:28,83,0,0
BRDA:28,84,0,0
BRDA:30,85,0,0
BRDA:30,86,0,2
BRDA:31,87,0,2
BRF:88
BRH:55
end_of_record
TN:
SF:src/core/mustache.js
FN:9,renderTemplate
FNF:1
FNH:1
FNDA:2,renderTemplate
DA:1,1
DA:2,1
DA:3,1
DA:4,1
DA:5,1
DA:6,1
DA:7,1
DA:8,1
DA:9,1
DA:10,2
DA:11,0
DA:12,0
DA:13,2
DA:14,0
DA:15,0
DA:16,2
DA:17,2
LF:17
LH:13
BRDA:9,0,0,2
BRDA:10,1,0,0
BRDA:13,2,0,0
BRF:3
BRH:1
end_of_record
